Arguments: 
  C:\Program Files\nodejs\node.exe C:\Users\Dad's\AppData\Roaming\npm\node_modules\yarn\bin\yarn.js install

PATH: 
  C:\Program Files\Python311\Scripts\;C:\Program Files\Python311\;C:\Windows\system32;C:\Windows;C:\Windows\System32\Wbem;C:\Windows\System32\WindowsPowerShell\v1.0\;C:\Windows\System32\OpenSSH\;C:\Program Files\nodejs\;C:\Program Files\Git\cmd;C:\apache-maven-3.8.6\bin;C:\Program Files\java\jdk-17.0.6\bin;C:\Program Files (x86)\Spring-CLI\bin;C:\Users\Dad's\AppData\Local\Microsoft\WindowsApps;;C:\Users\Dad's\AppData\Local\Programs\Microsoft VS Code\bin;C:\Users\Dad's\AppData\Roaming\npm;C:\Program Files\JetBrains\IntelliJ IDEA Community Edition 2022.3\bin;

Yarn version: 
  1.22.19

Node version: 
  14.17.6

Platform: 
  win32 x64

Trace: 
  Error: connect ENETUNREACH 104.16.27.35:443
      at TCPConnectWrap.afterConnect [as oncomplete] (net.js:1148:16)

npm manifest: 
  {
    "name": "client",
    "version": "0.1.0",
    "private": true,
    "dependencies": {
      "@emotion/react": "^11.10.6",
      "@emotion/styled": "^11.10.6",
      "@mui/icons-material": "^5.5.0",
      "@mui/material": "^5.11.11",
      "@mui/styled-engine-sc": "^5.11.11",
      "@mui/styles": "^5.11.11",
      "@stackoverflow/stacks-icons": "^2.25.1",
      "@testing-library/jest-dom": "^5.16.1",
      "@testing-library/react": "^12.1.2",
      "@testing-library/user-event": "^13.5.0",
      "axios": "^0.24.0",
      "bad-words": "^3.0.4",
      "feather-icons": "^4.28.0",
      "formik": "^2.2.9",
      "moment": "^2.29.4",
      "prop-types": "^15.8.0",
      "react": "^17.0.2",
      "react-dom": "^17.0.2",
      "react-helmet": "^6.1.0",
      "react-logger": "^1.1.0",
      "react-redux": "^7.2.6",
      "react-router-dom": "^5.3.0",
      "react-router-redux": "^4.0.8",
      "react-rte": "^0.16.4",
      "react-scripts": "^5.0.0",
      "react-tag-input-component": "^2.0.2",
      "redux": "^4.1.2",
      "redux-devtools-extension": "^2.13.9",
      "redux-persist": "^6.0.0",
      "redux-thunk": "^2.4.1",
      "reselect": "^4.1.5",
      "sass": "^1.45.2",
      "styled-components": "^5.3.8",
      "styled-system": "^5.1.5",
      "uuid": "^8.3.2",
      "yup": "^1.0.2"
    },
    "scripts": {
      "start": "react-scripts start",
      "build": "react-scripts build",
      "test": "react-scripts test",
      "eject": "react-scripts eject"
    },
    "eslintConfig": {
      "extends": "react-app"
    },
    "browserslist": {
      "production": [
        ">0.2%",
        "not dead",
        "not op_mini all"
      ],
      "development": [
        "last 1 chrome version",
        "last 1 firefox version",
        "last 1 safari version"
      ]
    }
  }

yarn manifest: 
  No manifest

Lockfile: 
  No lockfile
